<?xml version="1.0" encoding="utf-8"?><testsuites><testsuite errors="0" failures="0" hostname="Guens-Air" name="pytest" skipped="0" tests="0" time="2.003" timestamp="2021-10-24T17:25:58.212535" /></testsuites>